# JRE version: Java(TM) SE Runtime Environment (8.0_91-b14) (build 1.8.0_91-b14)
# Java VM: Java HotSpot(TM) 64-Bit Server VM (25.91-b14 mixed mode windows-amd64 compressed oops)
Heap:
 PSYoungGen      total 169984K, used 137214K [0x00000000e0000000, 0x00000000eb580000, 0x0000000100000000)
  eden space 159232K, 79% used [0x00000000e0000000,0x00000000e7c40658,0x00000000e9b80000)
  from space 10752K, 92% used [0x00000000eab00000,0x00000000eb4bf598,0x00000000eb580000)
  to   space 13312K, 0% used [0x00000000e9b80000,0x00000000e9b80000,0x00000000ea880000)
 ParOldGen       total 86016K, used 17201K [0x00000000a0000000, 0x00000000a5400000, 0x00000000e0000000)
  object space 86016K, 19% used [0x00000000a0000000,0x00000000a10cc758,0x00000000a5400000)
 Metaspace       used 47778K, capacity 49016K, committed 49152K, reserved 1091584K
  class space    used 6509K, capacity 6800K, committed 6912K, reserved 1048576K
GC Heap History (10 events):
Event: 23.068 GC heap before
{Heap before GC invocations=6 (full 1):
 PSYoungGen      total 67072K, used 61952K [0x00000000e0000000, 0x00000000e4b00000, 0x0000000100000000)
  eden space 61952K, 100% used [0x00000000e0000000,0x00000000e3c80000,0x00000000e3c80000)
  from space 5120K, 0% used [0x00000000e4180000,0x00000000e4180000,0x00000000e4680000)
  to   space 5120K, 0% used [0x00000000e3c80000,0x00000000e3c80000,0x00000000e4180000)
 ParOldGen       total 58880K, used 7661K [0x00000000a0000000, 0x00000000a3980000, 0x00000000e0000000)
  object space 58880K, 13% used [0x00000000a0000000,0x00000000a077b5c0,0x00000000a3980000)
 Metaspace       used 26301K, capacity 26824K, committed 27008K, reserved 1073152K
  class space    used 3528K, capacity 3674K, committed 3712K, reserved 1048576K
Event: 23.107 GC heap after
Heap after GC invocations=6 (full 1):
 PSYoungGen      total 67072K, used 5103K [0x00000000e0000000, 0x00000000e7600000, 0x0000000100000000)
  eden space 61952K, 0% used [0x00000000e0000000,0x00000000e0000000,0x00000000e3c80000)
  from space 5120K, 99% used [0x00000000e3c80000,0x00000000e417be08,0x00000000e4180000)
  to   space 11264K, 0% used [0x00000000e6b00000,0x00000000e6b00000,0x00000000e7600000)
 ParOldGen       total 58880K, used 11570K [0x00000000a0000000, 0x00000000a3980000, 0x00000000e0000000)
  object space 58880K, 19% used [0x00000000a0000000,0x00000000a0b4ca68,0x00000000a3980000)
 Metaspace       used 26301K, capacity 26824K, committed 27008K, reserved 1073152K
  class space    used 3528K, capacity 3674K, committed 3712K, reserved 1048576K
}
Event: 26.020 GC heap before
{Heap before GC invocations=7 (full 1):
 PSYoungGen      total 67072K, used 67055K [0x00000000e0000000, 0x00000000e7600000, 0x0000000100000000)
  eden space 61952K, 100% used [0x00000000e0000000,0x00000000e3c80000,0x00000000e3c80000)
  from space 5120K, 99% used [0x00000000e3c80000,0x00000000e417be08,0x00000000e4180000)
  to   space 11264K, 0% used [0x00000000e6b00000,0x00000000e6b00000,0x00000000e7600000)
 ParOldGen       total 58880K, used 11570K [0x00000000a0000000, 0x00000000a3980000, 0x00000000e0000000)
  object space 58880K, 19% used [0x00000000a0000000,0x00000000a0b4ca68,0x00000000a3980000)
 Metaspace       used 30913K, capacity 31530K, committed 31872K, reserved 1077248K
  class space    used 4263K, capacity 4424K, committed 4480K, reserved 1048576K
Event: 26.174 GC heap after
Heap after GC invocations=7 (full 1):
 PSYoungGen      total 108544K, used 10052K [0x00000000e0000000, 0x00000000e8000000, 0x0000000100000000)
  eden space 97280K, 0% used [0x00000000e0000000,0x00000000e0000000,0x00000000e5f00000)
  from space 11264K, 89% used [0x00000000e6b00000,0x00000000e74d11e0,0x00000000e7600000)
  to   space 12288K, 0% used [0x00000000e5f00000,0x00000000e5f00000,0x00000000e6b00000)
 ParOldGen       total 58880K, used 11578K [0x00000000a0000000, 0x00000000a3980000, 0x00000000e0000000)
  object space 58880K, 19% used [0x00000000a0000000,0x00000000a0b4ea68,0x00000000a3980000)
 Metaspace       used 30913K, capacity 31530K, committed 31872K, reserved 1077248K
  class space    used 4263K, capacity 4424K, committed 4480K, reserved 1048576K
}
Event: 36.594 GC heap before
{Heap before GC invocations=8 (full 1):
 PSYoungGen      total 108544K, used 100568K [0x00000000e0000000, 0x00000000e8000000, 0x0000000100000000)
  eden space 97280K, 93% used [0x00000000e0000000,0x00000000e5864f08,0x00000000e5f00000)
  from space 11264K, 89% used [0x00000000e6b00000,0x00000000e74d11e0,0x00000000e7600000)
  to   space 12288K, 0% used [0x00000000e5f00000,0x00000000e5f00000,0x00000000e6b00000)
 ParOldGen       total 58880K, used 11578K [0x00000000a0000000, 0x00000000a3980000, 0x00000000e0000000)
  object space 58880K, 19% used [0x00000000a0000000,0x00000000a0b4ea68,0x00000000a3980000)
 Metaspace       used 34627K, capacity 35254K, committed 35456K, reserved 1079296K
  class space    used 4710K, capacity 4903K, committed 4992K, reserved 1048576K
Event: 36.612 GC heap after
Heap after GC invocations=8 (full 1):
 PSYoungGen      total 109568K, used 10930K [0x00000000e0000000, 0x00000000eb800000, 0x0000000100000000)
  eden space 97280K, 0% used [0x00000000e0000000,0x00000000e0000000,0x00000000e5f00000)
  from space 12288K, 88% used [0x00000000e5f00000,0x00000000e69ac828,0x00000000e6b00000)
  to   space 13312K, 0% used [0x00000000eab00000,0x00000000eab00000,0x00000000eb800000)
 ParOldGen       total 58880K, used 11650K [0x00000000a0000000, 0x00000000a3980000, 0x00000000e0000000)
  object space 58880K, 19% used [0x00000000a0000000,0x00000000a0b60a78,0x00000000a3980000)
 Metaspace       used 34627K, capacity 35254K, committed 35456K, reserved 1079296K
  class space    used 4710K, capacity 4903K, committed 4992K, reserved 1048576K
}
Event: 36.612 GC heap before
{Heap before GC invocations=9 (full 2):
 PSYoungGen      total 109568K, used 10930K [0x00000000e0000000, 0x00000000eb800000, 0x0000000100000000)
  eden space 97280K, 0% used [0x00000000e0000000,0x00000000e0000000,0x00000000e5f00000)
  from space 12288K, 88% used [0x00000000e5f00000,0x00000000e69ac828,0x00000000e6b00000)
  to   space 13312K, 0% used [0x00000000eab00000,0x00000000eab00000,0x00000000eb800000)
 ParOldGen       total 58880K, used 11650K [0x00000000a0000000, 0x00000000a3980000, 0x00000000e0000000)
  object space 58880K, 19% used [0x00000000a0000000,0x00000000a0b60a78,0x00000000a3980000)
 Metaspace       used 34627K, capacity 35254K, committed 35456K, reserved 1079296K
  class space    used 4710K, capacity 4903K, committed 4992K, reserved 1048576K
Event: 36.764 GC heap after
Heap after GC invocations=9 (full 2):
 PSYoungGen      total 109568K, used 0K [0x00000000e0000000, 0x00000000eb800000, 0x0000000100000000)
  eden space 97280K, 0% used [0x00000000e0000000,0x00000000e0000000,0x00000000e5f00000)
  from space 12288K, 0% used [0x00000000e5f00000,0x00000000e5f00000,0x00000000e6b00000)
  to   space 13312K, 0% used [0x00000000eab00000,0x00000000eab00000,0x00000000eb800000)
 ParOldGen       total 86016K, used 17193K [0x00000000a0000000, 0x00000000a5400000, 0x00000000e0000000)
  object space 86016K, 19% used [0x00000000a0000000,0x00000000a10ca758,0x00000000a5400000)
 Metaspace       used 34608K, capacity 35232K, committed 35456K, reserved 1079296K
  class space    used 4704K, capacity 4897K, committed 4992K, reserved 1048576K
}
Event: 38.984 GC heap before
{Heap before GC invocations=10 (full 2):
 PSYoungGen      total 109568K, used 97280K [0x00000000e0000000, 0x00000000eb800000, 0x0000000100000000)
  eden space 97280K, 100% used [0x00000000e0000000,0x00000000e5f00000,0x00000000e5f00000)
  from space 12288K, 0% used [0x00000000e5f00000,0x00000000e5f00000,0x00000000e6b00000)
  to   space 13312K, 0% used [0x00000000eab00000,0x00000000eab00000,0x00000000eb800000)
 ParOldGen       total 86016K, used 17193K [0x00000000a0000000, 0x00000000a5400000, 0x00000000e0000000)
  object space 86016K, 19% used [0x00000000a0000000,0x00000000a10ca758,0x00000000a5400000)
 Metaspace       used 39638K, capacity 40402K, committed 40832K, reserved 1085440K
  class space    used 5406K, capacity 5635K, committed 5760K, reserved 1048576K
Event: 39.008 GC heap after
Heap after GC invocations=10 (full 2):
 PSYoungGen      total 169984K, used 9981K [0x00000000e0000000, 0x00000000eb580000, 0x0000000100000000)
  eden space 159232K, 0% used [0x00000000e0000000,0x00000000e0000000,0x00000000e9b80000)
  from space 10752K, 92% used [0x00000000eab00000,0x00000000eb4bf598,0x00000000eb580000)
  to   space 13312K, 0% used [0x00000000e9b80000,0x00000000e9b80000,0x00000000ea880000)
 ParOldGen       total 86016K, used 17201K [0x00000000a0000000, 0x00000000a5400000, 0x00000000e0000000)
  object space 86016K, 19% used [0x00000000a0000000,0x00000000a10cc758,0x00000000a5400000)
 Metaspace       used 39638K, capacity 40402K, committed 40832K, reserved 1085440K
  class space    used 5406K, capacity 5635K, committed 5760K, reserved 1048576K
}

